<?xml version="1.0" encoding="UTF-8"?>
<testsuites>
  <testsuite name="fastlane.lanes">
    
    
    
      
      <testcase classname="fastlane.lanes" name="0: default_platform" time="0.000825">
        
      </testcase>
    
      
      <testcase classname="fastlane.lanes" name="1: export LC_ALL=en_US.UTF-8" time="0.012127">
        
      </testcase>
    
      
      <testcase classname="fastlane.lanes" name="2: export LANG=en_US.UTF-8" time="0.011925">
        
      </testcase>
    
      
      <testcase classname="fastlane.lanes" name="3: detekt" time="1.615665">
        
          <failure message="/usr/local/lib/ruby/gems/3.1.0/gems/fastlane-2.211.0/fastlane/lib/fastlane/actions/actions_helper.rb:67:in `execute_action&apos;&#10;/usr/local/lib/ruby/gems/3.1.0/gems/fastlane-2.211.0/fastlane/lib/fastlane/runner.rb:255:in `block in execute_action&apos;&#10;/usr/local/lib/ruby/gems/3.1.0/gems/fastlane-2.211.0/fastlane/lib/fastlane/runner.rb:229:in `chdir&apos;&#10;/usr/local/lib/ruby/gems/3.1.0/gems/fastlane-2.211.0/fastlane/lib/fastlane/runner.rb:229:in `execute_action&apos;&#10;/usr/local/lib/ruby/gems/3.1.0/gems/fastlane-2.211.0/fastlane/lib/fastlane/runner.rb:157:in `trigger_action_by_name&apos;&#10;/usr/local/lib/ruby/gems/3.1.0/gems/fastlane-2.211.0/fastlane/lib/fastlane/fast_file.rb:159:in `method_missing&apos;&#10;Fastfile:21:in `block (2 levels) in parsing_binding&apos;&#10;/usr/local/lib/ruby/gems/3.1.0/gems/fastlane-2.211.0/fastlane/lib/fastlane/lane.rb:33:in `call&apos;&#10;/usr/local/lib/ruby/gems/3.1.0/gems/fastlane-2.211.0/fastlane/lib/fastlane/runner.rb:49:in `block in execute&apos;&#10;/usr/local/lib/ruby/gems/3.1.0/gems/fastlane-2.211.0/fastlane/lib/fastlane/runner.rb:45:in `chdir&apos;&#10;/usr/local/lib/ruby/gems/3.1.0/gems/fastlane-2.211.0/fastlane/lib/fastlane/runner.rb:45:in `execute&apos;&#10;/usr/local/lib/ruby/gems/3.1.0/gems/fastlane-2.211.0/fastlane/lib/fastlane/lane_manager.rb:47:in `cruise_lane&apos;&#10;/usr/local/lib/ruby/gems/3.1.0/gems/fastlane-2.211.0/fastlane/lib/fastlane/command_line_handler.rb:36:in `handle&apos;&#10;/usr/local/lib/ruby/gems/3.1.0/gems/fastlane-2.211.0/fastlane/lib/fastlane/commands_generator.rb:110:in `block (2 levels) in run&apos;&#10;/usr/local/lib/ruby/gems/3.1.0/gems/commander-4.6.0/lib/commander/command.rb:187:in `call&apos;&#10;/usr/local/lib/ruby/gems/3.1.0/gems/commander-4.6.0/lib/commander/command.rb:157:in `run&apos;&#10;/usr/local/lib/ruby/gems/3.1.0/gems/commander-4.6.0/lib/commander/runner.rb:444:in `run_active_command&apos;&#10;/usr/local/lib/ruby/gems/3.1.0/gems/fastlane-2.211.0/fastlane_core/lib/fastlane_core/ui/fastlane_runner.rb:124:in `run!&apos;&#10;/usr/local/lib/ruby/gems/3.1.0/gems/commander-4.6.0/lib/commander/delegates.rb:18:in `run!&apos;&#10;/usr/local/lib/ruby/gems/3.1.0/gems/fastlane-2.211.0/fastlane/lib/fastlane/commands_generator.rb:354:in `run&apos;&#10;/usr/local/lib/ruby/gems/3.1.0/gems/fastlane-2.211.0/fastlane/lib/fastlane/commands_generator.rb:43:in `start&apos;&#10;/usr/local/lib/ruby/gems/3.1.0/gems/fastlane-2.211.0/fastlane/lib/fastlane/cli_tools_distributor.rb:123:in `take_off&apos;&#10;/usr/local/lib/ruby/gems/3.1.0/gems/fastlane-2.211.0/bin/fastlane:23:in `&lt;top (required)&gt;&apos;&#10;/usr/local/lib/ruby/gems/3.1.0/bin/fastlane:25:in `load&apos;&#10;/usr/local/lib/ruby/gems/3.1.0/bin/fastlane:25:in `&lt;top (required)&gt;&apos;&#10;/usr/local/lib/ruby/gems/3.1.0/gems/bundler-2.3.24/lib/bundler/cli/exec.rb:58:in `load&apos;&#10;/usr/local/lib/ruby/gems/3.1.0/gems/bundler-2.3.24/lib/bundler/cli/exec.rb:58:in `kernel_load&apos;&#10;/usr/local/lib/ruby/gems/3.1.0/gems/bundler-2.3.24/lib/bundler/cli/exec.rb:23:in `run&apos;&#10;/usr/local/lib/ruby/gems/3.1.0/gems/bundler-2.3.24/lib/bundler/cli.rb:486:in `exec&apos;&#10;/usr/local/lib/ruby/gems/3.1.0/gems/bundler-2.3.24/lib/bundler/vendor/thor/lib/thor/command.rb:27:in `run&apos;&#10;/usr/local/lib/ruby/gems/3.1.0/gems/bundler-2.3.24/lib/bundler/vendor/thor/lib/thor/invocation.rb:127:in `invoke_command&apos;&#10;/usr/local/lib/ruby/gems/3.1.0/gems/bundler-2.3.24/lib/bundler/vendor/thor/lib/thor.rb:392:in `dispatch&apos;&#10;/usr/local/lib/ruby/gems/3.1.0/gems/bundler-2.3.24/lib/bundler/cli.rb:31:in `dispatch&apos;&#10;/usr/local/lib/ruby/gems/3.1.0/gems/bundler-2.3.24/lib/bundler/vendor/thor/lib/thor/base.rb:485:in `start&apos;&#10;/usr/local/lib/ruby/gems/3.1.0/gems/bundler-2.3.24/lib/bundler/cli.rb:25:in `start&apos;&#10;/usr/local/lib/ruby/gems/3.1.0/gems/bundler-2.3.24/exe/bundle:48:in `block in &lt;top (required)&gt;&apos;&#10;/usr/local/lib/ruby/gems/3.1.0/gems/bundler-2.3.24/lib/bundler/friendly_errors.rb:120:in `with_friendly_errors&apos;&#10;/usr/local/lib/ruby/gems/3.1.0/gems/bundler-2.3.24/exe/bundle:36:in `&lt;top (required)&gt;&apos;&#10;/usr/local/lib/ruby/gems/3.1.0/bin/bundle:25:in `load&apos;&#10;/usr/local/lib/ruby/gems/3.1.0/bin/bundle:25:in `&lt;main&gt;&apos;&#10;&#10;Exit status of command &apos;/Users/guo.zhang/AndroidStudioProjects/ARK-Android-Router/gradlew detekt -p .&apos; was 1 instead of 0.&#10;&#10;&gt; Configure project :router&#10;WARNING:Software Components will not be created automatically for Maven publishing from Android Gradle Plugin 8.0. To opt-in to the future behavior, set the Gradle property android.disableAutomaticComponentCreation=true in the `gradle.properties` file or use the new publishing DSL.&#10;&#10;&gt; Task :annotation:detekt UP-TO-DATE&#10;&#10;&gt; Task :app:detekt FAILED&#10;Property &apos;style&gt;DataClassContainsFunctions&gt;conversionFunctionPrefix&apos; should be a YAML array instead of a comma-separated String.&#10;Property &apos;style&gt;FunctionOnlyReturningConstant&gt;excludedFunctions&apos; should be a YAML array instead of a comma-separated String.&#10;Property &apos;style&gt;ReturnCount&gt;excludedFunctions&apos; should be a YAML array instead of a comma-separated String.&#10;Property &apos;potential-bugs&gt;MissingWhenCase&apos; is deprecated. Rule deprecated as compiler performs this check by default.&#10;Property &apos;potential-bugs&gt;IgnoredReturnValue&gt;restrictToAnnotatedMethods&apos; is deprecated. Use `restrictToConfig` instead.&#10;Property &apos;potential-bugs&gt;RedundantElseInWhen&apos; is deprecated. Rule deprecated as compiler performs this check by default.&#10;Property &apos;style&gt;ForbiddenPublicDataClass&apos; is deprecated. Rule migrated to `libraries` ruleset plugin.&#10;Property &apos;formatting&gt;TrailingComma&apos; is deprecated. Rule is split between `TrailingCommaOnCallSite` and `TrailingCommaOnDeclarationSite` now..&#10;Property &apos;style&gt;LibraryCodeMustSpecifyReturnType&apos; is deprecated. Rule migrated to `libraries` ruleset plugin.&#10;Property &apos;complexity&gt;ComplexMethod&apos; is deprecated. Rule is renamed to `CyclomaticComplexMethod` to distinguish between Cyclomatic Complexity and Cognitive Complexity.&#10;Property &apos;style&gt;LibraryEntitiesShouldNotBePublic&apos; is deprecated. Rule migrated to `libraries` ruleset plugin.&#10;Property &apos;potential-bugs&gt;DuplicateCaseInWhenExpression&apos; is deprecated. Rule deprecated as compiler performs this check by default.&#10;/Users/guo.zhang/AndroidStudioProjects/ARK-Android-Router/app/src/main/java/com/thoughtworks/ark/router/demo/MainActivity.kt:3:1: Imports must be ordered in lexicographic order without any empty lines in-between with &quot;java&quot;, &quot;javax&quot;, &quot;kotlin&quot; and aliases in the end [ImportOrdering]&#10;&#10;&#10;FAILURE: Build failed with an exception.&#10;&#10;* What went wrong:&#10;Execution failed for task &apos;:app:detekt&apos;.&#10;&gt; Analysis failed with 1 weighted issues.&#10;&#10;* Try:&#10;&gt; Run with --stacktrace option to get the stack trace.&#10;&gt; Run with --info or --debug option to get more log output.&#10;&gt; Run with --scan to get full insights.&#10;&#10;* Get more help at https://help.gradle.org&#10;&#10;Deprecated Gradle features were used in this build, making it incompatible with Gradle 8.0.&#10;&#10;You can use &apos;--warning-mode all&apos; to show the individual deprecation warnings and determine if they come from your own scripts or plugins.&#10;&#10;See https://docs.gradle.org/7.6/userguide/command_line_interface.html#sec:command_line_warnings&#10;&#10;BUILD FAILED in 1s&#10;2 actionable tasks: 1 executed, 1 up-to-date&#10;" />
        
      </testcase>
    
  </testsuite>
</testsuites>
